
Booth shot Lincoln
1 1.0000 Booth shot Lincoln
0 1.0000 Lincoln shot Booth
1 0.6667 Booth assassinated Lincoln
0 0.6667 Lincoln assassinated Booth
1 0.6000 Lincoln was shot by Booth
0 0.6000 Booth was shot by Lincoln
1 0.4000 Lincoln was assassinated by Booth
0 0.4000 Booth was assassinated by Lincoln

P@N: 2 out of top 4 = 0.5000

MRR: 1.0

Mary loves John
1 0.6667 Mary adores John
1 0.5000 John says that Mary loves him
1 0.4000 John is loved by Mary
0 0.4000 Mary is loved by John
1 0.4000 John is adored by Mary
0 0.4000 Mary is adored by John

P@N: 3 out of top 4 = 0.7500

MRR: 1.0

Mary loves John
1 0.6667 Mary adores John
1 0.5000 John says that Mary loves him
1 0.4000 John is loved by Mary
0 0.4000 Mary is loved by John
1 0.4000 John is adored by Mary
0 0.4000 Mary is adored by John

P@N: 3 out of top 4 = 0.7500

MRR: 1.0

Mary loves John
1 0.6667 Mary adores John
1 0.5000 John says that Mary loves him
1 0.4000 John is loved by Mary
0 0.4000 Mary is loved by John
1 0.4000 John is adored by Mary
0 0.4000 Mary is adored by John

P@N: 3 out of top 4 = 0.7500

MRR: 1.0

Macro averaged score (AnswerCoverageRanker): 0.688

Macro averaged MRR (AnswerCoverageRanker): 1.000
