
Booth shot Lincoln
1 1.0000 Booth shot Lincoln
0 1.0000 Lincoln shot Booth
1 1.0000 Lincoln was shot by Booth
0 1.0000 Booth was shot by Lincoln
1 0.6667 Booth assassinated Lincoln
0 0.6667 Lincoln assassinated Booth
1 0.6667 Lincoln was assassinated by Booth
0 0.6667 Booth was assassinated by Lincoln

P@N: 2 out of top 4 = 0.5000

MRR: 1.0

Booth shot Lincoln
1 1.0000 Booth shot Lincoln
0 1.0000 Lincoln shot Booth
1 1.0000 Lincoln was shot by Booth
0 1.0000 Booth was shot by Lincoln
1 0.6667 Booth assassinated Lincoln
0 0.6667 Lincoln assassinated Booth
1 0.6667 Lincoln was assassinated by Booth
0 0.6667 Booth was assassinated by Lincoln

P@N: 2 out of top 4 = 0.5000

MRR: 1.0

Booth shot Lincoln
1 1.0000 Booth shot Lincoln
0 1.0000 Lincoln shot Booth
1 1.0000 Lincoln was shot by Booth
0 1.0000 Booth was shot by Lincoln
1 0.6667 Booth assassinated Lincoln
0 0.6667 Lincoln assassinated Booth
1 0.6667 Lincoln was assassinated by Booth
0 0.6667 Booth was assassinated by Lincoln

P@N: 2 out of top 4 = 0.5000

MRR: 1.0

Mary loves John
1 1.0000 John says that Mary loves him
1 0.6667 John is loved by Mary
0 0.6667 Mary is loved by John
1 0.6667 Mary adores John
1 0.6667 John is adored by Mary
0 0.6667 Mary is adored by John

P@N: 3 out of top 4 = 0.7500

MRR: 1.0

Macro averaged score (MAX.JaccardRanker.QuestionCoverageRanker.AnswerCoverageRanker.ShantaRanker): 0.562

Macro averaged MRR (MAX.JaccardRanker.QuestionCoverageRanker.AnswerCoverageRanker.ShantaRanker): 1.000
