
Where did Booth shoot Lincoln
1 0.0741 John Wilkes Booth was an American actor and assassin who murdered President Abraham Lincoln at Ford's Theatre in Washington D.C. on April 14 1865
0 0.0476 Booth was a member of the prominent 19th-century Booth theatrical family from Maryland and by the 1860s was a well-known actor
0 0.0400 He was also a Confederate sympathizer vehement in his denunciation of Lincoln and strongly opposed to the abolition of slavery in the United States

P@N: 1 out of top 1 = 1.0000

MRR: 1.0

When did Booth shoot Lincoln
1 0.0741 John Wilkes Booth was an American actor and assassin who murdered President Abraham Lincoln at Ford's Theatre in Washington D.C. on April 14 1865
0 0.0476 Booth was a member of the prominent 19th-century Booth theatrical family from Maryland and by the 1860s was a well-known actor
0 0.0400 He was also a Confederate sympathizer vehement in his denunciation of Lincoln and strongly opposed to the abolition of slavery in the United States

P@N: 1 out of top 1 = 1.0000

MRR: 1.0

In what theater did Booth attack Lincoln
1 0.0690 John Wilkes Booth was an American actor and assassin who murdered President Abraham Lincoln at Ford's Theatre in Washington D.C. on April 14 1865
0 0.0435 Booth was a member of the prominent 19th-century Booth theatrical family from Maryland and by the 1860s was a well-known actor
0 0.0370 He was also a Confederate sympathizer vehement in his denunciation of Lincoln and strongly opposed to the abolition of slavery in the United States

P@N: 1 out of top 1 = 1.0000

MRR: 1.0

Who did John Wilkes Booth assasinate
1 0.1111 John Wilkes Booth was an American actor and assassin who murdered President Abraham Lincoln at Ford's Theatre in Washington D.C. on April 14 1865
0 0.0455 Booth was a member of the prominent 19th-century Booth theatrical family from Maryland and by the 1860s was a well-known actor
0 0.0000 He was also a Confederate sympathizer vehement in his denunciation of Lincoln and strongly opposed to the abolition of slavery in the United States

P@N: 1 out of top 1 = 1.0000

MRR: 1.0

Who was Lincoln's assassin
1 0.0769 John Wilkes Booth was an American actor and assassin who murdered President Abraham Lincoln at Ford's Theatre in Washington D.C. on April 14 1865
0 0.0500 Booth was a member of the prominent 19th-century Booth theatrical family from Maryland and by the 1860s was a well-known actor
0 0.0417 He was also a Confederate sympathizer vehement in his denunciation of Lincoln and strongly opposed to the abolition of slavery in the United States

P@N: 1 out of top 1 = 1.0000

MRR: 1.0

What was the occupation of Lincoln's assassin
1 0.1429 Booth was a member of the prominent 19th-century Booth theatrical family from Maryland and by the 1860s was a well-known actor
0 0.1200 He was also a Confederate sympathizer vehement in his denunciation of Lincoln and strongly opposed to the abolition of slavery in the United States
1 0.0690 John Wilkes Booth was an American actor and assassin who murdered President Abraham Lincoln at Ford's Theatre in Washington D.C. on April 14 1865

P@N: 1 out of top 2 = 0.5000

MRR: 1.0

What was the nationality of Lincoln's assassin
1 0.1429 Booth was a member of the prominent 19th-century Booth theatrical family from Maryland and by the 1860s was a well-known actor
0 0.1200 He was also a Confederate sympathizer vehement in his denunciation of Lincoln and strongly opposed to the abolition of slavery in the United States
1 0.0690 John Wilkes Booth was an American actor and assassin who murdered President Abraham Lincoln at Ford's Theatre in Washington D.C. on April 14 1865

P@N: 1 out of top 2 = 0.5000

MRR: 1.0

Why did Booth assasinate Lincoln
0 0.0741 John Wilkes Booth was an American actor and assassin who murdered President Abraham Lincoln at Ford's Theatre in Washington D.C. on April 14 1865
0 0.0476 Booth was a member of the prominent 19th-century Booth theatrical family from Maryland and by the 1860s was a well-known actor
1 0.0400 He was also a Confederate sympathizer vehement in his denunciation of Lincoln and strongly opposed to the abolition of slavery in the United States

P@N: 0 out of top 1 = 0.0000

MRR: 0.3333333333333333

Macro averaged score (JaccardRanker): 0.750

Macro averaged MRR (JaccardRanker): 0.917
